# JRE version: OpenJDK Runtime Environment (8.0_232-b09) (build 1.8.0_232-b09)
# Java VM: OpenJDK Client VM (25.232-b09 mixed mode windows-x86 )
Heap:
 def new generation   total 157248K, used 156890K [0x04600000, 0x0f0a0000, 0x0f0a0000)
  eden space 139776K, 100% used [0x04600000, 0x0ce80000, 0x0ce80000)
  from space 17472K,  97% used [0x0df90000, 0x0f046918, 0x0f0a0000)
  to   space 17472K,   0% used [0x0ce80000, 0x0ce80000, 0x0df90000)
 tenured generation   total 349568K, used 349568K [0x0f0a0000, 0x24600000, 0x24600000)
   the space 349568K, 100% used [0x0f0a0000, 0x24600000, 0x24600000, 0x24600000)
 Metaspace       used 25868K, capacity 26536K, committed 26880K, reserved 27008K
GC Heap History (10 events):
Event: 1552.666 GC heap before
{Heap before GC invocations=685 (full 355):
 def new generation   total 157248K, used 156715K [0x04600000, 0x0f0a0000, 0x0f0a0000)
  eden space 139776K,  99% used [0x04600000, 0x0ce63d58, 0x0ce80000)
  from space 17472K,  97% used [0x0df90000, 0x0f0370c8, 0x0f0a0000)
  to   space 17472K,   0% used [0x0ce80000, 0x0ce80000, 0x0df90000)
 tenured generation   total 349568K, used 349567K [0x0f0a0000, 0x24600000, 0x24600000)
   the space 349568K,  99% used [0x0f0a0000, 0x245ffff8, 0x24600000, 0x24600000)
 Metaspace       used 25868K, capacity 26536K, committed 26880K, reserved 27008K
Event: 1553.262 GC heap after
Heap after GC invocations=686 (full 356):
 def new generation   total 157248K, used 139333K [0x04600000, 0x0f0a0000, 0x0f0a0000)
  eden space 139776K,  99% used [0x04600000, 0x0ce11728, 0x0ce80000)
  from space 17472K,   0% used [0x0df90000, 0x0df90000, 0x0f0a0000)
  to   space 17472K,   0% used [0x0ce80000, 0x0ce80000, 0x0df90000)
 tenured generation   total 349568K, used 349568K [0x0f0a0000, 0x24600000, 0x24600000)
   the space 349568K, 100% used [0x0f0a0000, 0x24600000, 0x24600000, 0x24600000)
 Metaspace       used 25868K, capacity 26536K, committed 26880K, reserved 27008K
}
Event: 1553.265 GC heap before
{Heap before GC invocations=686 (full 356):
 def new generation   total 157248K, used 156751K [0x04600000, 0x0f0a0000, 0x0f0a0000)
  eden space 139776K,  99% used [0x04600000, 0x0ce6cf20, 0x0ce80000)
  from space 17472K,  97% used [0x0df90000, 0x0f0370c8, 0x0f0a0000)
  to   space 17472K,   0% used [0x0ce80000, 0x0ce80000, 0x0df90000)
 tenured generation   total 349568K, used 349568K [0x0f0a0000, 0x24600000, 0x24600000)
   the space 349568K, 100% used [0x0f0a0000, 0x24600000, 0x24600000, 0x24600000)
 Metaspace       used 25868K, capacity 26536K, committed 26880K, reserved 27008K
Event: 1553.723 GC heap after
Heap after GC invocations=687 (full 357):
 def new generation   total 157248K, used 139339K [0x04600000, 0x0f0a0000, 0x0f0a0000)
  eden space 139776K,  99% used [0x04600000, 0x0ce12e68, 0x0ce80000)
  from space 17472K,   0% used [0x0df90000, 0x0df90000, 0x0f0a0000)
  to   space 17472K,   0% used [0x0ce80000, 0x0ce80000, 0x0df90000)
 tenured generation   total 349568K, used 349568K [0x0f0a0000, 0x24600000, 0x24600000)
   the space 349568K, 100% used [0x0f0a0000, 0x24600000, 0x24600000, 0x24600000)
 Metaspace       used 25868K, capacity 26536K, committed 26880K, reserved 27008K
}
Event: 1553.725 GC heap before
{Heap before GC invocations=687 (full 357):
 def new generation   total 157248K, used 156734K [0x04600000, 0x0f0a0000, 0x0f0a0000)
  eden space 139776K,  99% used [0x04600000, 0x0ce68a88, 0x0ce80000)
  from space 17472K,  97% used [0x0df90000, 0x0f0370c8, 0x0f0a0000)
  to   space 17472K,   0% used [0x0ce80000, 0x0ce80000, 0x0df90000)
 tenured generation   total 349568K, used 349568K [0x0f0a0000, 0x24600000, 0x24600000)
   the space 349568K, 100% used [0x0f0a0000, 0x24600000, 0x24600000, 0x24600000)
 Metaspace       used 25868K, capacity 26536K, committed 26880K, reserved 27008K
Event: 1554.170 GC heap after
Heap after GC invocations=688 (full 358):
 def new generation   total 157248K, used 139344K [0x04600000, 0x0f0a0000, 0x0f0a0000)
  eden space 139776K,  99% used [0x04600000, 0x0ce14368, 0x0ce80000)
  from space 17472K,   0% used [0x0df90000, 0x0df90000, 0x0f0a0000)
  to   space 17472K,   0% used [0x0ce80000, 0x0ce80000, 0x0df90000)
 tenured generation   total 349568K, used 349568K [0x0f0a0000, 0x24600000, 0x24600000)
   the space 349568K, 100% used [0x0f0a0000, 0x24600000, 0x24600000, 0x24600000)
 Metaspace       used 25868K, capacity 26536K, committed 26880K, reserved 27008K
}
Event: 1554.172 GC heap before
{Heap before GC invocations=688 (full 358):
 def new generation   total 157248K, used 156750K [0x04600000, 0x0f0a0000, 0x0f0a0000)
  eden space 139776K,  99% used [0x04600000, 0x0ce6c8d0, 0x0ce80000)
  from space 17472K,  97% used [0x0df90000, 0x0f0370c8, 0x0f0a0000)
  to   space 17472K,   0% used [0x0ce80000, 0x0ce80000, 0x0df90000)
 tenured generation   total 349568K, used 349568K [0x0f0a0000, 0x24600000, 0x24600000)
   the space 349568K, 100% used [0x0f0a0000, 0x24600000, 0x24600000, 0x24600000)
 Metaspace       used 25868K, capacity 26536K, committed 26880K, reserved 27008K
Event: 1554.656 GC heap after
Heap after GC invocations=689 (full 359):
 def new generation   total 157248K, used 139350K [0x04600000, 0x0f0a0000, 0x0f0a0000)
  eden space 139776K,  99% used [0x04600000, 0x0ce15860, 0x0ce80000)
  from space 17472K,   0% used [0x0df90000, 0x0df90000, 0x0f0a0000)
  to   space 17472K,   0% used [0x0ce80000, 0x0ce80000, 0x0df90000)
 tenured generation   total 349568K, used 349568K [0x0f0a0000, 0x24600000, 0x24600000)
   the space 349568K, 100% used [0x0f0a0000, 0x24600000, 0x24600000, 0x24600000)
 Metaspace       used 25868K, capacity 26536K, committed 26880K, reserved 27008K
}
Event: 1554.658 GC heap before
{Heap before GC invocations=689 (full 359):
 def new generation   total 157248K, used 156746K [0x04600000, 0x0f0a0000, 0x0f0a0000)
  eden space 139776K,  99% used [0x04600000, 0x0ce6b760, 0x0ce80000)
  from space 17472K,  97% used [0x0df90000, 0x0f0370c8, 0x0f0a0000)
  to   space 17472K,   0% used [0x0ce80000, 0x0ce80000, 0x0df90000)
 tenured generation   total 349568K, used 349568K [0x0f0a0000, 0x24600000, 0x24600000)
   the space 349568K, 100% used [0x0f0a0000, 0x24600000, 0x24600000, 0x24600000)
 Metaspace       used 25868K, capacity 26536K, committed 26880K, reserved 27008K
Event: 2186.877 GC heap after
Heap after GC invocations=690 (full 360):
 def new generation   total 157248K, used 139355K [0x04600000, 0x0f0a0000, 0x0f0a0000)
  eden space 139776K,  99% used [0x04600000, 0x0ce16d80, 0x0ce80000)
  from space 17472K,   0% used [0x0df90000, 0x0df90000, 0x0f0a0000)
  to   space 17472K,   0% used [0x0ce80000, 0x0ce80000, 0x0df90000)
 tenured generation   total 349568K, used 349568K [0x0f0a0000, 0x24600000, 0x24600000)
   the space 349568K, 100% used [0x0f0a0000, 0x24600000, 0x24600000, 0x24600000)
 Metaspace       used 25868K, capacity 26536K, committed 26880K, reserved 27008K
}

